Power-cycling USB to fix dead stick
PREFLIGHT FAIL
Starting loop:
vmax522://JSON/read_clock/monitor/clock.json
reporting monitor/clock.json
PREFLIGHT OK
vmax522://JSON/read_settings/settings/settings.json
reporting settings/settings.json
vmax522://JSON/read_bg_targets/settings/bg_targets_raw.json
reporting settings/bg_targets_raw.json
vmax522://JSON/read_insulin_sensitivities/settings/insulin_sensitivities_raw.json
reporting settings/insulin_sensitivities_raw.json
vmax522://JSON/read_basal_profile_std/settings/basal_profile.json
reporting settings/basal_profile.json
get-profile://text/shell/settings/profile.json
reporting settings/profile.json
vmaxdexhandheld://JSON/iter_glucose/monitor/glucose.json
reporting monitor/glucose.json
vmax522://JSON/read_clock/monitor/clock.json
reporting monitor/clock.json
vmax522://JSON/read_temp_basal/monitor/temp_basal.json
reporting monitor/temp_basal.json
vmax522://JSON/iter_pump_hours/monitor/pumphistory.json
reporting monitor/pumphistory.json
tz://JSON/rezone/monitor/pumphistory-zoned.json
reporting monitor/pumphistory-zoned.json
tz://JSON/clock/monitor/clock-zoned.json
reporting monitor/clock-zoned.json
vmax522://JSON/read_battery_status/monitor/battery.json
reporting monitor/battery.json
vmax522://JSON/reservoir/monitor/reservoir.json
reporting monitor/reservoir.json
vmax522://JSON/read_status/monitor/status.json
reporting monitor/status.json
calculate-iob://JSON/shell/monitor/iob.json
reporting monitor/iob.json
determine-basal://text/shell/enact/suggested.json
reporting enact/suggested.json
{"temp":"absolute","bg":166,"tick":"+1","eventualBG":124,"snoozeBG":124,"mealAssist":"Off: Carbs: undefined Boluses: undefined ISF: 40, Target: 105 Deviation: 2 BGI: -1.48","reason":"Eventual BG 124>=120, temp 2<2.64U/hr","duration":30,"rate":2.65}
vmax522://JSON/set_temp_basal/enact/enacted.json
reporting enact/enacted.json
{
  "bg": 166, 
  "temp": "absolute", 
  "snoozeBG": 124, 
  "recieved": true, 
  "rate": 2.625, 
  "reason": "Eventual BG 124>=120, temp 2<2.64U/hr", 
  "eventualBG": 124, 
  "timestamp": "2016-06-02T19:51:23.396885", 
  "duration": 30, 
  "mealAssist": "Off: Carbs: undefined Boluses: undefined ISF: 40, Target: 105 Deviation: 2 BGI: -1.48", 
  "tick": "+1"
}vmax522://JSON/read_clock/monitor/clock.json
reporting monitor/clock.json
PREFLIGHT OK
Error; could not upload
Starting loop:
vmax522://JSON/read_clock/monitor/clock.json
reporting monitor/clock.json
PREFLIGHT OK
vmax522://JSON/read_settings/settings/settings.json
reporting settings/settings.json
vmax522://JSON/read_bg_targets/settings/bg_targets_raw.json
reporting settings/bg_targets_raw.json
vmax522://JSON/read_insulin_sensitivities/settings/insulin_sensitivities_raw.json
reporting settings/insulin_sensitivities_raw.json
vmax522://JSON/read_basal_profile_std/settings/basal_profile.json
reporting settings/basal_profile.json
get-profile://text/shell/settings/profile.json
reporting settings/profile.json
vmaxdexhandheld://JSON/iter_glucose/monitor/glucose.json
reporting monitor/glucose.json
vmax522://JSON/read_clock/monitor/clock.json
reporting monitor/clock.json
vmax522://JSON/read_temp_basal/monitor/temp_basal.json
reporting monitor/temp_basal.json
vmax522://JSON/iter_pump_hours/monitor/pumphistory.json
reporting monitor/pumphistory.json
tz://JSON/rezone/monitor/pumphistory-zoned.json
reporting monitor/pumphistory-zoned.json
tz://JSON/clock/monitor/clock-zoned.json
reporting monitor/clock-zoned.json
vmax522://JSON/read_battery_status/monitor/battery.json
reporting monitor/battery.json
vmax522://JSON/reservoir/monitor/reservoir.json
reporting monitor/reservoir.json
vmax522://JSON/read_status/monitor/status.json
reporting monitor/status.json
calculate-iob://JSON/shell/monitor/iob.json
reporting monitor/iob.json
determine-basal://text/shell/enact/suggested.json
reporting enact/suggested.json
{"temp":"absolute","bg":174,"tick":"+8","eventualBG":140,"snoozeBG":140,"mealAssist":"Off: Carbs: undefined Boluses: undefined ISF: 40, Target: 105 Deviation: 11 BGI: -1.72","reason":"Eventual BG 140>=120, temp 2.625<3.75U/hr","duration":30,"rate":3.75}
vmax522://JSON/set_temp_basal/enact/enacted.json
reporting enact/enacted.json
{
  "bg": 174, 
  "temp": "absolute", 
  "snoozeBG": 140, 
  "recieved": true, 
  "rate": 3.75, 
  "reason": "Eventual BG 140>=120, temp 2.625<3.75U/hr", 
  "eventualBG": 140, 
  "timestamp": "2016-06-02T19:56:20.103081", 
  "duration": 30, 
  "mealAssist": "Off: Carbs: undefined Boluses: undefined ISF: 40, Target: 105 Deviation: 11 BGI: -1.72", 
  "tick": "+8"
}vmax522://JSON/read_clock/monitor/clock.json
reporting monitor/clock.json
PREFLIGHT OK
Error; could not upload
Starting loop:
vmax522://JSON/read_clock/monitor/clock.json
reporting monitor/clock.json
PREFLIGHT OK
vmax522://JSON/read_settings/settings/settings.json
reporting settings/settings.json
vmax522://JSON/read_bg_targets/settings/bg_targets_raw.json
reporting settings/bg_targets_raw.json
vmax522://JSON/read_insulin_sensitivities/settings/insulin_sensitivities_raw.json
reporting settings/insulin_sensitivities_raw.json
vmax522://JSON/read_basal_profile_std/settings/basal_profile.json
reporting settings/basal_profile.json
get-profile://text/shell/settings/profile.json
reporting settings/profile.json
vmaxdexhandheld://JSON/iter_glucose/monitor/glucose.json
reporting monitor/glucose.json
vmax522://JSON/read_clock/monitor/clock.json
reporting monitor/clock.json
vmax522://JSON/read_temp_basal/monitor/temp_basal.json
reporting monitor/temp_basal.json
vmax522://JSON/iter_pump_hours/monitor/pumphistory.json
reporting monitor/pumphistory.json
tz://JSON/rezone/monitor/pumphistory-zoned.json
reporting monitor/pumphistory-zoned.json
tz://JSON/clock/monitor/clock-zoned.json
reporting monitor/clock-zoned.json
vmax522://JSON/read_battery_status/monitor/battery.json
reporting monitor/battery.json
vmax522://JSON/reservoir/monitor/reservoir.json
reporting monitor/reservoir.json
vmax522://JSON/read_status/monitor/status.json
reporting monitor/status.json
calculate-iob://JSON/shell/monitor/iob.json
reporting monitor/iob.json
determine-basal://text/shell/enact/suggested.json
reporting enact/suggested.json
{"temp":"absolute","bg":174,"tick":"+8","eventualBG":137,"snoozeBG":137,"mealAssist":"Off: Carbs: undefined Boluses: undefined ISF: 40, Target: 105 Deviation: 12 BGI: -1.92","reason":"Eventual BG 137>=120, max_iob 2, temp 3.75 >~ req 3.57U/hr"}
No action required
vmax522://JSON/read_clock/monitor/clock.json
reporting monitor/clock.json
PREFLIGHT OK
Error; could not upload
Starting loop:
vmax522://JSON/read_clock/monitor/clock.json
reporting monitor/clock.json
PREFLIGHT OK
vmax522://JSON/read_settings/settings/settings.json
reporting settings/settings.json
vmax522://JSON/read_bg_targets/settings/bg_targets_raw.json
reporting settings/bg_targets_raw.json
vmax522://JSON/read_insulin_sensitivities/settings/insulin_sensitivities_raw.json
reporting settings/insulin_sensitivities_raw.json
vmax522://JSON/read_basal_profile_std/settings/basal_profile.json
reporting settings/basal_profile.json
get-profile://text/shell/settings/profile.json
reporting settings/profile.json
vmaxdexhandheld://JSON/iter_glucose/monitor/glucose.json
reporting monitor/glucose.json
vmax522://JSON/read_clock/monitor/clock.json
reporting monitor/clock.json
vmax522://JSON/read_temp_basal/monitor/temp_basal.json
reporting monitor/temp_basal.json
vmax522://JSON/iter_pump_hours/monitor/pumphistory.json
reporting monitor/pumphistory.json
tz://JSON/rezone/monitor/pumphistory-zoned.json
reporting monitor/pumphistory-zoned.json
tz://JSON/clock/monitor/clock-zoned.json
reporting monitor/clock-zoned.json
vmax522://JSON/read_battery_status/monitor/battery.json
reporting monitor/battery.json
vmax522://JSON/reservoir/monitor/reservoir.json
reporting monitor/reservoir.json
vmax522://JSON/read_status/monitor/status.json
reporting monitor/status.json
calculate-iob://JSON/shell/monitor/iob.json
reporting monitor/iob.json
determine-basal://text/shell/enact/suggested.json
reporting enact/suggested.json
[{"msg":"BG data is too old, or clock set incorrectly Thu Jun 02 2016 19:52:45 GMT-0700 (PDT) vs Thu Jun 02 2016 20:06:18 GMT-0700 (PDT)"}]
No action required
vmax522://JSON/read_clock/monitor/clock.json
reporting monitor/clock.json
PREFLIGHT OK
Error; could not upload
Starting loop:
vmax522://JSON/read_clock/monitor/clock.json
reporting monitor/clock.json
PREFLIGHT OK
vmax522://JSON/read_settings/settings/settings.json
reporting settings/settings.json
vmax522://JSON/read_bg_targets/settings/bg_targets_raw.json
reporting settings/bg_targets_raw.json
vmax522://JSON/read_insulin_sensitivities/settings/insulin_sensitivities_raw.json
reporting settings/insulin_sensitivities_raw.json
vmax522://JSON/read_basal_profile_std/settings/basal_profile.json
reporting settings/basal_profile.json
get-profile://text/shell/settings/profile.json
reporting settings/profile.json
vmaxdexhandheld://JSON/iter_glucose/monitor/glucose.json
reporting monitor/glucose.json
vmax522://JSON/read_clock/monitor/clock.json
reporting monitor/clock.json
vmax522://JSON/read_temp_basal/monitor/temp_basal.json
reporting monitor/temp_basal.json
vmax522://JSON/iter_pump_hours/monitor/pumphistory.json
reporting monitor/pumphistory.json
tz://JSON/rezone/monitor/pumphistory-zoned.json
reporting monitor/pumphistory-zoned.json
tz://JSON/clock/monitor/clock-zoned.json
reporting monitor/clock-zoned.json
vmax522://JSON/read_battery_status/monitor/battery.json
reporting monitor/battery.json
vmax522://JSON/reservoir/monitor/reservoir.json
reporting monitor/reservoir.json
vmax522://JSON/read_status/monitor/status.json
reporting monitor/status.json
calculate-iob://JSON/shell/monitor/iob.json
reporting monitor/iob.json
determine-basal://text/shell/enact/suggested.json
reporting enact/suggested.json
[{"msg":"BG data is too old, or clock set incorrectly Thu Jun 02 2016 19:52:45 GMT-0700 (PDT) vs Thu Jun 02 2016 20:11:16 GMT-0700 (PDT)"}]
No action required
vmax522://JSON/read_clock/monitor/clock.json
reporting monitor/clock.json
PREFLIGHT OK
Error; could not upload
Starting loop:
vmax522://JSON/read_clock/monitor/clock.json
reporting monitor/clock.json
PREFLIGHT OK
vmax522://JSON/read_settings/settings/settings.json
reporting settings/settings.json
vmax522://JSON/read_bg_targets/settings/bg_targets_raw.json
reporting settings/bg_targets_raw.json
vmax522://JSON/read_insulin_sensitivities/settings/insulin_sensitivities_raw.json
reporting settings/insulin_sensitivities_raw.json
vmax522://JSON/read_basal_profile_std/settings/basal_profile.json
reporting settings/basal_profile.json
get-profile://text/shell/settings/profile.json
reporting settings/profile.json
vmaxdexhandheld://JSON/iter_glucose/monitor/glucose.json
reporting monitor/glucose.json
vmax522://JSON/read_clock/monitor/clock.json
reporting monitor/clock.json
vmax522://JSON/read_temp_basal/monitor/temp_basal.json
reporting monitor/temp_basal.json
vmax522://JSON/iter_pump_hours/monitor/pumphistory.json
reporting monitor/pumphistory.json
tz://JSON/rezone/monitor/pumphistory-zoned.json
reporting monitor/pumphistory-zoned.json
tz://JSON/clock/monitor/clock-zoned.json
reporting monitor/clock-zoned.json
vmax522://JSON/read_battery_status/monitor/battery.json
reporting monitor/battery.json
vmax522://JSON/reservoir/monitor/reservoir.json
reporting monitor/reservoir.json
vmax522://JSON/read_status/monitor/status.json
reporting monitor/status.json
calculate-iob://JSON/shell/monitor/iob.json
No JSON object could be decoded

Starting loop:
vmax522://JSON/read_clock/monitor/clock.json
reporting monitor/clock.json
PREFLIGHT OK
vmax522://JSON/read_settings/settings/settings.json
reporting settings/settings.json
vmax522://JSON/read_bg_targets/settings/bg_targets_raw.json
reporting settings/bg_targets_raw.json
vmax522://JSON/read_insulin_sensitivities/settings/insulin_sensitivities_raw.json
reporting settings/insulin_sensitivities_raw.json
vmax522://JSON/read_basal_profile_std/settings/basal_profile.json
reporting settings/basal_profile.json
get-profile://text/shell/settings/profile.json
reporting settings/profile.json
vmaxdexhandheld://JSON/iter_glucose/monitor/glucose.json
reporting monitor/glucose.json
vmax522://JSON/read_clock/monitor/clock.json
reporting monitor/clock.json
vmax522://JSON/read_temp_basal/monitor/temp_basal.json
reporting monitor/temp_basal.json
vmax522://JSON/iter_pump_hours/monitor/pumphistory.json
reporting monitor/pumphistory.json
tz://JSON/rezone/monitor/pumphistory-zoned.json
reporting monitor/pumphistory-zoned.json
tz://JSON/clock/monitor/clock-zoned.json
reporting monitor/clock-zoned.json
vmax522://JSON/read_battery_status/monitor/battery.json
reporting monitor/battery.json
vmax522://JSON/reservoir/monitor/reservoir.json
reporting monitor/reservoir.json
vmax522://JSON/read_status/monitor/status.json
reporting monitor/status.json
calculate-iob://JSON/shell/monitor/iob.json
reporting monitor/iob.json
determine-basal://text/shell/enact/suggested.json
reporting enact/suggested.json
[{"msg":"BG data is too old, or clock set incorrectly Thu Jun 02 2016 19:52:45 GMT-0700 (PDT) vs Thu Jun 02 2016 20:21:16 GMT-0700 (PDT)"}]
No action required
vmax522://JSON/read_clock/monitor/clock.json
reporting monitor/clock.json
PREFLIGHT OK
Error; could not upload
Starting loop:
vmax522://JSON/read_clock/monitor/clock.json
reporting monitor/clock.json
PREFLIGHT OK
vmax522://JSON/read_settings/settings/settings.json
reporting settings/settings.json
vmax522://JSON/read_bg_targets/settings/bg_targets_raw.json
reporting settings/bg_targets_raw.json
vmax522://JSON/read_insulin_sensitivities/settings/insulin_sensitivities_raw.json
reporting settings/insulin_sensitivities_raw.json
vmax522://JSON/read_basal_profile_std/settings/basal_profile.json
reporting settings/basal_profile.json
get-profile://text/shell/settings/profile.json
reporting settings/profile.json
vmaxdexhandheld://JSON/iter_glucose/monitor/glucose.json
reporting monitor/glucose.json
vmax522://JSON/read_clock/monitor/clock.json
reporting monitor/clock.json
vmax522://JSON/read_temp_basal/monitor/temp_basal.json
reporting monitor/temp_basal.json
vmax522://JSON/iter_pump_hours/monitor/pumphistory.json
reporting monitor/pumphistory.json
tz://JSON/rezone/monitor/pumphistory-zoned.json
reporting monitor/pumphistory-zoned.json
tz://JSON/clock/monitor/clock-zoned.json
reporting monitor/clock-zoned.json
vmax522://JSON/read_battery_status/monitor/battery.json
reporting monitor/battery.json
vmax522://JSON/reservoir/monitor/reservoir.json
reporting monitor/reservoir.json
vmax522://JSON/read_status/monitor/status.json
reporting monitor/status.json
calculate-iob://JSON/shell/monitor/iob.json
reporting monitor/iob.json
determine-basal://text/shell/enact/suggested.json
reporting enact/suggested.json
[{"msg":"BG data is too old, or clock set incorrectly Thu Jun 02 2016 19:52:45 GMT-0700 (PDT) vs Thu Jun 02 2016 20:26:12 GMT-0700 (PDT)"}]
No action required
vmax522://JSON/read_clock/monitor/clock.json
reporting monitor/clock.json
PREFLIGHT OK
Error; could not upload
Starting loop:
vmax522://JSON/read_clock/monitor/clock.json
reporting monitor/clock.json
PREFLIGHT OK
vmax522://JSON/read_settings/settings/settings.json
reporting settings/settings.json
vmax522://JSON/read_bg_targets/settings/bg_targets_raw.json
reporting settings/bg_targets_raw.json
vmax522://JSON/read_insulin_sensitivities/settings/insulin_sensitivities_raw.json
reporting settings/insulin_sensitivities_raw.json
vmax522://JSON/read_basal_profile_std/settings/basal_profile.json
reporting settings/basal_profile.json
get-profile://text/shell/settings/profile.json
reporting settings/profile.json
vmaxdexhandheld://JSON/iter_glucose/monitor/glucose.json
reporting monitor/glucose.json
vmax522://JSON/read_clock/monitor/clock.json
reporting monitor/clock.json
vmax522://JSON/read_temp_basal/monitor/temp_basal.json
reporting monitor/temp_basal.json
vmax522://JSON/iter_pump_hours/monitor/pumphistory.json
reporting monitor/pumphistory.json
tz://JSON/rezone/monitor/pumphistory-zoned.json
reporting monitor/pumphistory-zoned.json
tz://JSON/clock/monitor/clock-zoned.json
reporting monitor/clock-zoned.json
vmax522://JSON/read_battery_status/monitor/battery.json
reporting monitor/battery.json
vmax522://JSON/reservoir/monitor/reservoir.json
reporting monitor/reservoir.json
vmax522://JSON/read_status/monitor/status.json
reporting monitor/status.json
calculate-iob://JSON/shell/monitor/iob.json
reporting monitor/iob.json
determine-basal://text/shell/enact/suggested.json
reporting enact/suggested.json
[{"msg":"BG data is too old, or clock set incorrectly Thu Jun 02 2016 19:52:45 GMT-0700 (PDT) vs Thu Jun 02 2016 20:31:16 GMT-0700 (PDT)"}]
No action required
vmax522://JSON/read_clock/monitor/clock.json
reporting monitor/clock.json
PREFLIGHT OK
Error; could not upload
Starting loop:
vmax522://JSON/read_clock/monitor/clock.json
reporting monitor/clock.json
PREFLIGHT OK
vmax522://JSON/read_settings/settings/settings.json
reporting settings/settings.json
vmax522://JSON/read_bg_targets/settings/bg_targets_raw.json
reporting settings/bg_targets_raw.json
vmax522://JSON/read_insulin_sensitivities/settings/insulin_sensitivities_raw.json
reporting settings/insulin_sensitivities_raw.json
vmax522://JSON/read_basal_profile_std/settings/basal_profile.json
reporting settings/basal_profile.json
get-profile://text/shell/settings/profile.json
reporting settings/profile.json
vmaxdexhandheld://JSON/iter_glucose/monitor/glucose.json
reporting monitor/glucose.json
vmax522://JSON/read_clock/monitor/clock.json
reporting monitor/clock.json
vmax522://JSON/read_temp_basal/monitor/temp_basal.json
reporting monitor/temp_basal.json
vmax522://JSON/iter_pump_hours/monitor/pumphistory.json
reporting monitor/pumphistory.json
tz://JSON/rezone/monitor/pumphistory-zoned.json
reporting monitor/pumphistory-zoned.json
tz://JSON/clock/monitor/clock-zoned.json
reporting monitor/clock-zoned.json
vmax522://JSON/read_battery_status/monitor/battery.json
reporting monitor/battery.json
vmax522://JSON/reservoir/monitor/reservoir.json
reporting monitor/reservoir.json
vmax522://JSON/read_status/monitor/status.json
reporting monitor/status.json
calculate-iob://JSON/shell/monitor/iob.json
reporting monitor/iob.json
determine-basal://text/shell/enact/suggested.json
reporting enact/suggested.json
[{"msg":"BG data is too old, or clock set incorrectly Thu Jun 02 2016 19:52:45 GMT-0700 (PDT) vs Thu Jun 02 2016 20:36:16 GMT-0700 (PDT)"}]
No action required
vmax522://JSON/read_clock/monitor/clock.json
reporting monitor/clock.json
PREFLIGHT OK
Error; could not upload
Starting loop:
vmax522://JSON/read_clock/monitor/clock.json
reporting monitor/clock.json
PREFLIGHT OK
vmax522://JSON/read_settings/settings/settings.json
reporting settings/settings.json
vmax522://JSON/read_bg_targets/settings/bg_targets_raw.json
reporting settings/bg_targets_raw.json
vmax522://JSON/read_insulin_sensitivities/settings/insulin_sensitivities_raw.json
reporting settings/insulin_sensitivities_raw.json
vmax522://JSON/read_basal_profile_std/settings/basal_profile.json
reporting settings/basal_profile.json
get-profile://text/shell/settings/profile.json
reporting settings/profile.json
vmaxdexhandheld://JSON/iter_glucose/monitor/glucose.json
reporting monitor/glucose.json
vmax522://JSON/read_clock/monitor/clock.json
reporting monitor/clock.json
vmax522://JSON/read_temp_basal/monitor/temp_basal.json
reporting monitor/temp_basal.json
vmax522://JSON/iter_pump_hours/monitor/pumphistory.json
reporting monitor/pumphistory.json
tz://JSON/rezone/monitor/pumphistory-zoned.json
reporting monitor/pumphistory-zoned.json
tz://JSON/clock/monitor/clock-zoned.json
reporting monitor/clock-zoned.json
vmax522://JSON/read_battery_status/monitor/battery.json
reporting monitor/battery.json
vmax522://JSON/reservoir/monitor/reservoir.json
reporting monitor/reservoir.json
vmax522://JSON/read_status/monitor/status.json
reporting monitor/status.json
calculate-iob://JSON/shell/monitor/iob.json
reporting monitor/iob.json
determine-basal://text/shell/enact/suggested.json
reporting enact/suggested.json
[{"msg":"BG data is too old, or clock set incorrectly Thu Jun 02 2016 19:52:45 GMT-0700 (PDT) vs Thu Jun 02 2016 20:41:22 GMT-0700 (PDT)"}]
No action required
vmax522://JSON/read_clock/monitor/clock.json
reporting monitor/clock.json
PREFLIGHT OK
Error; could not upload
Starting loop:
vmax522://JSON/read_clock/monitor/clock.json
reporting monitor/clock.json
PREFLIGHT OK
vmax522://JSON/read_settings/settings/settings.json
reporting settings/settings.json
vmax522://JSON/read_bg_targets/settings/bg_targets_raw.json
reporting settings/bg_targets_raw.json
vmax522://JSON/read_insulin_sensitivities/settings/insulin_sensitivities_raw.json
reporting settings/insulin_sensitivities_raw.json
vmax522://JSON/read_basal_profile_std/settings/basal_profile.json
reporting settings/basal_profile.json
get-profile://text/shell/settings/profile.json
reporting settings/profile.json
vmaxdexhandheld://JSON/iter_glucose/monitor/glucose.json
reporting monitor/glucose.json
vmax522://JSON/read_clock/monitor/clock.json
reporting monitor/clock.json
vmax522://JSON/read_temp_basal/monitor/temp_basal.json
reporting monitor/temp_basal.json
vmax522://JSON/iter_pump_hours/monitor/pumphistory.json
reporting monitor/pumphistory.json
tz://JSON/rezone/monitor/pumphistory-zoned.json
reporting monitor/pumphistory-zoned.json
tz://JSON/clock/monitor/clock-zoned.json
reporting monitor/clock-zoned.json
vmax522://JSON/read_battery_status/monitor/battery.json
reporting monitor/battery.json
vmax522://JSON/reservoir/monitor/reservoir.json
reporting monitor/reservoir.json
vmax522://JSON/read_status/monitor/status.json
reporting monitor/status.json
calculate-iob://JSON/shell/monitor/iob.json
reporting monitor/iob.json
determine-basal://text/shell/enact/suggested.json
reporting enact/suggested.json
[{"msg":"BG data is too old, or clock set incorrectly Thu Jun 02 2016 19:52:45 GMT-0700 (PDT) vs Thu Jun 02 2016 20:46:12 GMT-0700 (PDT)"}]
No action required
vmax522://JSON/read_clock/monitor/clock.json
reporting monitor/clock.json
PREFLIGHT OK
Error; could not upload
Starting loop:
vmax522://JSON/read_clock/monitor/clock.json
reporting monitor/clock.json
PREFLIGHT OK
vmax522://JSON/read_settings/settings/settings.json
reporting settings/settings.json
vmax522://JSON/read_bg_targets/settings/bg_targets_raw.json
reporting settings/bg_targets_raw.json
vmax522://JSON/read_insulin_sensitivities/settings/insulin_sensitivities_raw.json
reporting settings/insulin_sensitivities_raw.json
vmax522://JSON/read_basal_profile_std/settings/basal_profile.json
reporting settings/basal_profile.json
get-profile://text/shell/settings/profile.json
reporting settings/profile.json
vmaxdexhandheld://JSON/iter_glucose/monitor/glucose.json
reporting monitor/glucose.json
vmax522://JSON/read_clock/monitor/clock.json
reporting monitor/clock.json
vmax522://JSON/read_temp_basal/monitor/temp_basal.json
reporting monitor/temp_basal.json
vmax522://JSON/iter_pump_hours/monitor/pumphistory.json
reporting monitor/pumphistory.json
tz://JSON/rezone/monitor/pumphistory-zoned.json
reporting monitor/pumphistory-zoned.json
tz://JSON/clock/monitor/clock-zoned.json
reporting monitor/clock-zoned.json
vmax522://JSON/read_battery_status/monitor/battery.json
reporting monitor/battery.json
vmax522://JSON/reservoir/monitor/reservoir.json
reporting monitor/reservoir.json
vmax522://JSON/read_status/monitor/status.json
reporting monitor/status.json
calculate-iob://JSON/shell/monitor/iob.json
reporting monitor/iob.json
determine-basal://text/shell/enact/suggested.json
reporting enact/suggested.json
[{"msg":"BG data is too old, or clock set incorrectly Thu Jun 02 2016 19:52:45 GMT-0700 (PDT) vs Thu Jun 02 2016 20:51:16 GMT-0700 (PDT)"}]
No action required
vmax522://JSON/read_clock/monitor/clock.json
reporting monitor/clock.json
PREFLIGHT OK
Error; could not upload
Starting loop:
vmax522://JSON/read_clock/monitor/clock.json
reporting monitor/clock.json
PREFLIGHT OK
vmax522://JSON/read_settings/settings/settings.json
reporting settings/settings.json
vmax522://JSON/read_bg_targets/settings/bg_targets_raw.json
reporting settings/bg_targets_raw.json
vmax522://JSON/read_insulin_sensitivities/settings/insulin_sensitivities_raw.json
reporting settings/insulin_sensitivities_raw.json
vmax522://JSON/read_basal_profile_std/settings/basal_profile.json
reporting settings/basal_profile.json
get-profile://text/shell/settings/profile.json
reporting settings/profile.json
vmaxdexhandheld://JSON/iter_glucose/monitor/glucose.json
reporting monitor/glucose.json
vmax522://JSON/read_clock/monitor/clock.json
reporting monitor/clock.json
vmax522://JSON/read_temp_basal/monitor/temp_basal.json
reporting monitor/temp_basal.json
vmax522://JSON/iter_pump_hours/monitor/pumphistory.json
reporting monitor/pumphistory.json
tz://JSON/rezone/monitor/pumphistory-zoned.json
reporting monitor/pumphistory-zoned.json
tz://JSON/clock/monitor/clock-zoned.json
reporting monitor/clock-zoned.json
vmax522://JSON/read_battery_status/monitor/battery.json
reporting monitor/battery.json
vmax522://JSON/reservoir/monitor/reservoir.json
reporting monitor/reservoir.json
vmax522://JSON/read_status/monitor/status.json
reporting monitor/status.json
calculate-iob://JSON/shell/monitor/iob.json
reporting monitor/iob.json
determine-basal://text/shell/enact/suggested.json
reporting enact/suggested.json
[{"msg":"BG data is too old, or clock set incorrectly Thu Jun 02 2016 19:52:45 GMT-0700 (PDT) vs Thu Jun 02 2016 20:56:12 GMT-0700 (PDT)"}]
No action required
vmax522://JSON/read_clock/monitor/clock.json
reporting monitor/clock.json
PREFLIGHT OK
Error; could not upload
Starting loop:
vmax522://JSON/read_clock/monitor/clock.json
reporting monitor/clock.json
PREFLIGHT OK
vmax522://JSON/read_settings/settings/settings.json
reporting settings/settings.json
vmax522://JSON/read_bg_targets/settings/bg_targets_raw.json
reporting settings/bg_targets_raw.json
vmax522://JSON/read_insulin_sensitivities/settings/insulin_sensitivities_raw.json
reporting settings/insulin_sensitivities_raw.json
vmax522://JSON/read_basal_profile_std/settings/basal_profile.json
reporting settings/basal_profile.json
get-profile://text/shell/settings/profile.json
reporting settings/profile.json
vmaxdexhandheld://JSON/iter_glucose/monitor/glucose.json
reporting monitor/glucose.json
vmax522://JSON/read_clock/monitor/clock.json
reporting monitor/clock.json
vmax522://JSON/read_temp_basal/monitor/temp_basal.json
reporting monitor/temp_basal.json
vmax522://JSON/iter_pump_hours/monitor/pumphistory.json
reporting monitor/pumphistory.json
tz://JSON/rezone/monitor/pumphistory-zoned.json
reporting monitor/pumphistory-zoned.json
tz://JSON/clock/monitor/clock-zoned.json
reporting monitor/clock-zoned.json
vmax522://JSON/read_battery_status/monitor/battery.json
reporting monitor/battery.json
vmax522://JSON/reservoir/monitor/reservoir.json
reporting monitor/reservoir.json
vmax522://JSON/read_status/monitor/status.json
reporting monitor/status.json
calculate-iob://JSON/shell/monitor/iob.json
reporting monitor/iob.json
determine-basal://text/shell/enact/suggested.json
reporting enact/suggested.json
[{"msg":"BG data is too old, or clock set incorrectly Thu Jun 02 2016 19:52:45 GMT-0700 (PDT) vs Thu Jun 02 2016 21:01:22 GMT-0700 (PDT)"}]
No action required
vmax522://JSON/read_clock/monitor/clock.json
reporting monitor/clock.json
PREFLIGHT OK
Error; could not upload
Starting loop:
vmax522://JSON/read_clock/monitor/clock.json
reporting monitor/clock.json
PREFLIGHT OK
vmax522://JSON/read_settings/settings/settings.json
reporting settings/settings.json
vmax522://JSON/read_bg_targets/settings/bg_targets_raw.json
reporting settings/bg_targets_raw.json
vmax522://JSON/read_insulin_sensitivities/settings/insulin_sensitivities_raw.json
reporting settings/insulin_sensitivities_raw.json
vmax522://JSON/read_basal_profile_std/settings/basal_profile.json
reporting settings/basal_profile.json
get-profile://text/shell/settings/profile.json
reporting settings/profile.json
vmaxdexhandheld://JSON/iter_glucose/monitor/glucose.json
reporting monitor/glucose.json
vmax522://JSON/read_clock/monitor/clock.json
reporting monitor/clock.json
vmax522://JSON/read_temp_basal/monitor/temp_basal.json
reporting monitor/temp_basal.json
vmax522://JSON/iter_pump_hours/monitor/pumphistory.json
reporting monitor/pumphistory.json
tz://JSON/rezone/monitor/pumphistory-zoned.json
reporting monitor/pumphistory-zoned.json
tz://JSON/clock/monitor/clock-zoned.json
reporting monitor/clock-zoned.json
vmax522://JSON/read_battery_status/monitor/battery.json
reporting monitor/battery.json
vmax522://JSON/reservoir/monitor/reservoir.json
reporting monitor/reservoir.json
vmax522://JSON/read_status/monitor/status.json
reporting monitor/status.json
calculate-iob://JSON/shell/monitor/iob.json
reporting monitor/iob.json
determine-basal://text/shell/enact/suggested.json
reporting enact/suggested.json
[{"msg":"BG data is too old, or clock set incorrectly Thu Jun 02 2016 19:52:45 GMT-0700 (PDT) vs Thu Jun 02 2016 21:06:16 GMT-0700 (PDT)"}]
No action required
vmax522://JSON/read_clock/monitor/clock.json
reporting monitor/clock.json
PREFLIGHT OK
Error; could not upload
Starting loop:
vmax522://JSON/read_clock/monitor/clock.json
reporting monitor/clock.json
PREFLIGHT OK
vmax522://JSON/read_settings/settings/settings.json
reporting settings/settings.json
vmax522://JSON/read_bg_targets/settings/bg_targets_raw.json
reporting settings/bg_targets_raw.json
vmax522://JSON/read_insulin_sensitivities/settings/insulin_sensitivities_raw.json
reporting settings/insulin_sensitivities_raw.json
vmax522://JSON/read_basal_profile_std/settings/basal_profile.json
reporting settings/basal_profile.json
get-profile://text/shell/settings/profile.json
reporting settings/profile.json
vmaxdexhandheld://JSON/iter_glucose/monitor/glucose.json
reporting monitor/glucose.json
vmax522://JSON/read_clock/monitor/clock.json
reporting monitor/clock.json
vmax522://JSON/read_temp_basal/monitor/temp_basal.json
reporting monitor/temp_basal.json
vmax522://JSON/iter_pump_hours/monitor/pumphistory.json
reporting monitor/pumphistory.json
tz://JSON/rezone/monitor/pumphistory-zoned.json
reporting monitor/pumphistory-zoned.json
tz://JSON/clock/monitor/clock-zoned.json
reporting monitor/clock-zoned.json
vmax522://JSON/read_battery_status/monitor/battery.json
reporting monitor/battery.json
vmax522://JSON/reservoir/monitor/reservoir.json
reporting monitor/reservoir.json
vmax522://JSON/read_status/monitor/status.json
reporting monitor/status.json
calculate-iob://JSON/shell/monitor/iob.json
reporting monitor/iob.json
determine-basal://text/shell/enact/suggested.json
reporting enact/suggested.json
[{"msg":"BG data is too old, or clock set incorrectly Thu Jun 02 2016 19:52:45 GMT-0700 (PDT) vs Thu Jun 02 2016 21:11:16 GMT-0700 (PDT)"}]
No action required
vmax522://JSON/read_clock/monitor/clock.json
reporting monitor/clock.json
PREFLIGHT OK
Error; could not upload
Starting loop:
vmax522://JSON/read_clock/monitor/clock.json
reporting monitor/clock.json
PREFLIGHT OK
vmax522://JSON/read_settings/settings/settings.json
reporting settings/settings.json
vmax522://JSON/read_bg_targets/settings/bg_targets_raw.json
reporting settings/bg_targets_raw.json
vmax522://JSON/read_insulin_sensitivities/settings/insulin_sensitivities_raw.json
reporting settings/insulin_sensitivities_raw.json
vmax522://JSON/read_basal_profile_std/settings/basal_profile.json
reporting settings/basal_profile.json
get-profile://text/shell/settings/profile.json
reporting settings/profile.json
vmaxdexhandheld://JSON/iter_glucose/monitor/glucose.json
reporting monitor/glucose.json
vmax522://JSON/read_clock/monitor/clock.json
reporting monitor/clock.json
vmax522://JSON/read_temp_basal/monitor/temp_basal.json
reporting monitor/temp_basal.json
vmax522://JSON/iter_pump_hours/monitor/pumphistory.json
reporting monitor/pumphistory.json
tz://JSON/rezone/monitor/pumphistory-zoned.json
reporting monitor/pumphistory-zoned.json
tz://JSON/clock/monitor/clock-zoned.json
reporting monitor/clock-zoned.json
vmax522://JSON/read_battery_status/monitor/battery.json
reporting monitor/battery.json
vmax522://JSON/reservoir/monitor/reservoir.json
reporting monitor/reservoir.json
vmax522://JSON/read_status/monitor/status.json
reporting monitor/status.json
calculate-iob://JSON/shell/monitor/iob.json
reporting monitor/iob.json
determine-basal://text/shell/enact/suggested.json
reporting enact/suggested.json
[{"msg":"BG data is too old, or clock set incorrectly Thu Jun 02 2016 19:52:45 GMT-0700 (PDT) vs Thu Jun 02 2016 21:16:12 GMT-0700 (PDT)"}]
No action required
vmax522://JSON/read_clock/monitor/clock.json
reporting monitor/clock.json
PREFLIGHT OK
Error; could not upload
Starting loop:
vmax522://JSON/read_clock/monitor/clock.json
reporting monitor/clock.json
PREFLIGHT OK
vmax522://JSON/read_settings/settings/settings.json
reporting settings/settings.json
vmax522://JSON/read_bg_targets/settings/bg_targets_raw.json
reporting settings/bg_targets_raw.json
vmax522://JSON/read_insulin_sensitivities/settings/insulin_sensitivities_raw.json
reporting settings/insulin_sensitivities_raw.json
vmax522://JSON/read_basal_profile_std/settings/basal_profile.json
reporting settings/basal_profile.json
get-profile://text/shell/settings/profile.json
reporting settings/profile.json
vmaxdexhandheld://JSON/iter_glucose/monitor/glucose.json
reporting monitor/glucose.json
vmax522://JSON/read_clock/monitor/clock.json
reporting monitor/clock.json
vmax522://JSON/read_temp_basal/monitor/temp_basal.json
reporting monitor/temp_basal.json
vmax522://JSON/iter_pump_hours/monitor/pumphistory.json
reporting monitor/pumphistory.json
tz://JSON/rezone/monitor/pumphistory-zoned.json
reporting monitor/pumphistory-zoned.json
tz://JSON/clock/monitor/clock-zoned.json
reporting monitor/clock-zoned.json
vmax522://JSON/read_battery_status/monitor/battery.json
reporting monitor/battery.json
vmax522://JSON/reservoir/monitor/reservoir.json
reporting monitor/reservoir.json
vmax522://JSON/read_status/monitor/status.json
reporting monitor/status.json
calculate-iob://JSON/shell/monitor/iob.json
reporting monitor/iob.json
determine-basal://text/shell/enact/suggested.json
reporting enact/suggested.json
[{"msg":"BG data is too old, or clock set incorrectly Thu Jun 02 2016 19:52:45 GMT-0700 (PDT) vs Thu Jun 02 2016 21:21:16 GMT-0700 (PDT)"}]
No action required
vmax522://JSON/read_clock/monitor/clock.json
reporting monitor/clock.json
PREFLIGHT OK
Error; could not upload
Starting loop:
vmax522://JSON/read_clock/monitor/clock.json
reporting monitor/clock.json
PREFLIGHT OK
vmax522://JSON/read_settings/settings/settings.json
reporting settings/settings.json
vmax522://JSON/read_bg_targets/settings/bg_targets_raw.json
reporting settings/bg_targets_raw.json
vmax522://JSON/read_insulin_sensitivities/settings/insulin_sensitivities_raw.json
reporting settings/insulin_sensitivities_raw.json
vmax522://JSON/read_basal_profile_std/settings/basal_profile.json
reporting settings/basal_profile.json
get-profile://text/shell/settings/profile.json
reporting settings/profile.json
Starting loop:
vmax522://JSON/read_clock/monitor/clock.json
reporting monitor/clock.json
PREFLIGHT OK
vmax522://JSON/read_settings/settings/settings.json
reporting settings/settings.json
vmax522://JSON/read_bg_targets/settings/bg_targets_raw.json
reporting settings/bg_targets_raw.json
vmax522://JSON/read_insulin_sensitivities/settings/insulin_sensitivities_raw.json
reporting settings/insulin_sensitivities_raw.json
vmax522://JSON/read_basal_profile_std/settings/basal_profile.json
reporting settings/basal_profile.json
get-profile://text/shell/settings/profile.json
reporting settings/profile.json
vmaxdexhandheld://JSON/iter_glucose/monitor/glucose.json
reporting monitor/glucose.json
vmax522://JSON/read_clock/monitor/clock.json
reporting monitor/clock.json
vmax522://JSON/read_temp_basal/monitor/temp_basal.json
reporting monitor/temp_basal.json
vmax522://JSON/iter_pump_hours/monitor/pumphistory.json
reporting monitor/pumphistory.json
tz://JSON/rezone/monitor/pumphistory-zoned.json
reporting monitor/pumphistory-zoned.json
tz://JSON/clock/monitor/clock-zoned.json
reporting monitor/clock-zoned.json
vmax522://JSON/read_battery_status/monitor/battery.json
reporting monitor/battery.json
vmax522://JSON/reservoir/monitor/reservoir.json
reporting monitor/reservoir.json
vmax522://JSON/read_status/monitor/status.json
reporting monitor/status.json
calculate-iob://JSON/shell/monitor/iob.json
reporting monitor/iob.json
determine-basal://text/shell/enact/suggested.json
reporting enact/suggested.json
[{"msg":"BG data is too old, or clock set incorrectly Thu Jun 02 2016 19:52:45 GMT-0700 (PDT) vs Thu Jun 02 2016 21:31:17 GMT-0700 (PDT)"}]
No action required
vmax522://JSON/read_clock/monitor/clock.json
reporting monitor/clock.json
PREFLIGHT OK
Error; could not upload
Starting loop:
vmax522://JSON/read_clock/monitor/clock.json
reporting monitor/clock.json
PREFLIGHT OK
vmax522://JSON/read_settings/settings/settings.json
reporting settings/settings.json
vmax522://JSON/read_bg_targets/settings/bg_targets_raw.json
reporting settings/bg_targets_raw.json
vmax522://JSON/read_insulin_sensitivities/settings/insulin_sensitivities_raw.json
reporting settings/insulin_sensitivities_raw.json
vmax522://JSON/read_basal_profile_std/settings/basal_profile.json
reporting settings/basal_profile.json
get-profile://text/shell/settings/profile.json
reporting settings/profile.json
vmaxdexhandheld://JSON/iter_glucose/monitor/glucose.json
reporting monitor/glucose.json
vmax522://JSON/read_clock/monitor/clock.json
reporting monitor/clock.json
vmax522://JSON/read_temp_basal/monitor/temp_basal.json
reporting monitor/temp_basal.json
vmax522://JSON/iter_pump_hours/monitor/pumphistory.json
reporting monitor/pumphistory.json
tz://JSON/rezone/monitor/pumphistory-zoned.json
reporting monitor/pumphistory-zoned.json
tz://JSON/clock/monitor/clock-zoned.json
reporting monitor/clock-zoned.json
vmax522://JSON/read_battery_status/monitor/battery.json
reporting monitor/battery.json
vmax522://JSON/reservoir/monitor/reservoir.json
reporting monitor/reservoir.json
vmax522://JSON/read_status/monitor/status.json
reporting monitor/status.json
calculate-iob://JSON/shell/monitor/iob.json
reporting monitor/iob.json
determine-basal://text/shell/enact/suggested.json
reporting enact/suggested.json
[{"msg":"BG data is too old, or clock set incorrectly Thu Jun 02 2016 19:52:45 GMT-0700 (PDT) vs Thu Jun 02 2016 21:36:15 GMT-0700 (PDT)"}]
No action required
vmax522://JSON/read_clock/monitor/clock.json
reporting monitor/clock.json
PREFLIGHT OK
Error; could not upload
Starting loop:
vmax522://JSON/read_clock/monitor/clock.json
reporting monitor/clock.json
PREFLIGHT OK
vmax522://JSON/read_settings/settings/settings.json
Starting loop:
vmax522://JSON/read_clock/monitor/clock.json
reporting monitor/clock.json
PREFLIGHT OK
vmax522://JSON/read_settings/settings/settings.json
reporting settings/settings.json
vmax522://JSON/read_bg_targets/settings/bg_targets_raw.json
reporting settings/bg_targets_raw.json
vmax522://JSON/read_insulin_sensitivities/settings/insulin_sensitivities_raw.json
reporting settings/insulin_sensitivities_raw.json
vmax522://JSON/read_basal_profile_std/settings/basal_profile.json
reporting settings/basal_profile.json
get-profile://text/shell/settings/profile.json
reporting settings/profile.json
vmaxdexhandheld://JSON/iter_glucose/monitor/glucose.json
reporting monitor/glucose.json
vmax522://JSON/read_clock/monitor/clock.json
reporting monitor/clock.json
vmax522://JSON/read_temp_basal/monitor/temp_basal.json
reporting monitor/temp_basal.json
vmax522://JSON/iter_pump_hours/monitor/pumphistory.json
reporting monitor/pumphistory.json
tz://JSON/rezone/monitor/pumphistory-zoned.json
reporting monitor/pumphistory-zoned.json
tz://JSON/clock/monitor/clock-zoned.json
reporting monitor/clock-zoned.json
vmax522://JSON/read_battery_status/monitor/battery.json
reporting monitor/battery.json
vmax522://JSON/reservoir/monitor/reservoir.json
reporting monitor/reservoir.json
vmax522://JSON/read_status/monitor/status.json
reporting monitor/status.json
calculate-iob://JSON/shell/monitor/iob.json
reporting monitor/iob.json
